RUN	com.maveric.gatling.moodle	moodle	1575445044726	 	3.3.1
USER	moodle	1	START	1575445047077	1575445047077
REQUEST	1		Home_Page	1575445047375	1575445047691	OK	 
ERROR	request_7: Failed to build request: Resource com/maveric/gatling/moodle/0007_request.json not found 	1575445047894
REQUEST	1		Open_Login_Page	1575445048483	1575445048689	OK	 
ERROR	request_9: Failed to build request: Resource com/maveric/gatling/moodle/0009_request.json not found 	1575445048745
REQUEST	1		Login	1575445048760	1575445048889	OK	 
REQUEST	1		Login Redirect 1	1575445048897	1575445049100	OK	 
ERROR	request_12: Failed to build request: Resource com/maveric/gatling/moodle/0012_request.json not found 	1575445049112
ERROR	request_13: Failed to build request: Resource com/maveric/gatling/moodle/0013_request.json not found 	1575445049112
ERROR	request_15: Failed to build request: Resource com/maveric/gatling/moodle/0015_request.json not found 	1575445049113
ERROR	request_23: Failed to build request: Resource com/maveric/gatling/moodle/0023_request.json not found 	1575445049117
ERROR	request_24: Failed to build request: Resource com/maveric/gatling/moodle/0024_request.json not found 	1575445049118
REQUEST	1		Click_on_Site_Administration	1575445050105	1575445050231	OK	 
REQUEST	1		Click_on_Site_Administration Redirect 1	1575445050232	1575445050453	OK	 
ERROR	request_29: Failed to build request: Resource com/maveric/gatling/moodle/0029_request.json not found 	1575445050464
REQUEST	1		Click_On_Add_Course	1575445050505	1575445050644	OK	 
REQUEST	1		Click_On_Add_Course Redirect 1	1575445050645	1575445050848	OK	 
ERROR	request_36: Failed to build request: Resource com/maveric/gatling/moodle/0036_request.json not found 	1575445050858
ERROR	Submit_Course_Data: Failed to build request: Resource com/maveric/gatling/moodle/0062_request.json not found 	1575445051568
REQUEST	1		request_63	1575445051577	1575445051777	OK	 
REQUEST	1		request_63 Redirect 1	1575445051778	1575445052180	OK	 
REQUEST	1		request_63 Redirect 2	1575445052181	1575445052431	OK	 
REQUEST	1		request_63 Redirect 3	1575445052432	1575445052695	OK	 
REQUEST	1		request_64	1575445052696	1575445052738	OK	 
REQUEST	1		request_64 Redirect 1	1575445052738	1575445052860	OK	 
REQUEST	1		request_64 Redirect 2	1575445052862	1575445052971	OK	 
REQUEST	1		request_64 Redirect 3	1575445052972	1575445053010	OK	 
REQUEST	1		request_65	1575445053011	1575445053050	OK	 
REQUEST	1		request_65 Redirect 1	1575445053051	1575445053174	OK	 
REQUEST	1		request_65 Redirect 2	1575445053174	1575445053291	OK	 
REQUEST	1		request_65 Redirect 3	1575445053292	1575445053330	OK	 
REQUEST	1		request_66	1575445053331	1575445053372	OK	 
REQUEST	1		request_66 Redirect 1	1575445053372	1575445053495	OK	 
REQUEST	1		request_66 Redirect 2	1575445053496	1575445053612	OK	 
REQUEST	1		request_66 Redirect 3	1575445053613	1575445053648	OK	 
REQUEST	1		request_67	1575445053649	1575445053687	OK	 
REQUEST	1		request_67 Redirect 1	1575445053688	1575445053906	OK	 
REQUEST	1		request_67 Redirect 2	1575445053907	1575445054131	OK	 
ERROR	request_70: Failed to build request: Resource com/maveric/gatling/moodle/0070_request.json not found 	1575445054395
REQUEST	1		Submit_Course_Data	1575445054400	1575445054513	OK	 
ERROR	request_75: Failed to build request: Resource com/maveric/gatling/moodle/0075_request.json not found 	1575445054516
REQUEST	1		Click_On_Proceed_To_Course_Content	1575445055277	1575445055405	OK	 
REQUEST	1		Click_On_Proceed_To_Course_Content Redirect 1	1575445055406	1575445055604	OK	 
ERROR	request_80: Failed to build request: Resource com/maveric/gatling/moodle/0080_request.json not found 	1575445055611
REQUEST	1		Logout	1575445055643	1575445055759	OK	 
REQUEST	1		Logout Redirect 1	1575445055760	1575445056011	OK	 
ERROR	request_82: Failed to build request: Resource com/maveric/gatling/moodle/0082_request.json not found 	1575445056020
USER	moodle	1	END	1575445047077	1575445056040
