RUN	com.maveric.gatling.moodle	moodle	1575445506664	 	3.3.1
ERROR	Home_Page: Failed to build request: url ${environemtURL}/ can't be parsed into an Uri: j.l.IllegalArgumentException: ${environemtURL}/ could not be parsed into a proper Uri, missing scheme 	1575445510083
ERROR	Open_Login_Page: Failed to build request: url ${environemtURL}/login/index.php can't be parsed into an Uri: j.l.IllegalArgumentException: ${environemtURL}/login/index.php could not be parsed into a proper Uri, missing scheme 	1575445510104
ERROR	Login: Failed to build request: url ${environemtURL}/login/index.php can't be parsed into an Uri: j.l.IllegalArgumentException: ${environemtURL}/login/index.php could not be parsed into a proper Uri, missing scheme 	1575445510105
ERROR	Click_on_Site_Administration: Failed to build request: url ${environemtURL}/admin/search.php can't be parsed into an Uri: j.l.IllegalArgumentException: ${environemtURL}/admin/search.php could not be parsed into a proper Uri, missing scheme 	1575445510105
ERROR	Click_On_Add_Course: Failed to build request: url ${environemtURL}/course/edit.php?category=0 can't be parsed into an Uri: j.l.IllegalArgumentException: ${environemtURL}/course/edit.php?category=0 could not be parsed into a proper Uri, missing scheme 	1575445510105
ERROR	Submit_Course_Data: Failed to build request: Resource com/maveric/gatling/moodle/0062_request.json not found 	1575445510136
USER	moodle	1	START	1575445510010	1575445510010
REQUEST	1		request_63	1575445510175	1575445510561	OK	 
REQUEST	1		request_63 Redirect 1	1575445510601	1575445511078	OK	 
REQUEST	1		request_63 Redirect 2	1575445511080	1575445511379	OK	 
REQUEST	1		request_64	1575445511414	1575445511454	OK	 
REQUEST	1		request_64 Redirect 1	1575445511456	1575445511576	OK	 
REQUEST	1		request_64 Redirect 2	1575445511577	1575445511781	OK	 
REQUEST	1		request_65	1575445511782	1575445511827	OK	 
REQUEST	1		request_65 Redirect 1	1575445511828	1575445511944	OK	 
REQUEST	1		request_65 Redirect 2	1575445511945	1575445511980	OK	 
REQUEST	1		request_66	1575445511981	1575445512026	OK	 
REQUEST	1		request_66 Redirect 1	1575445512027	1575445512155	OK	 
REQUEST	1		request_66 Redirect 2	1575445512156	1575445512195	OK	 
REQUEST	1		request_67	1575445512196	1575445512235	OK	 
REQUEST	1		request_67 Redirect 1	1575445512236	1575445512360	OK	 
REQUEST	1		request_67 Redirect 2	1575445512361	1575445512483	OK	 
ERROR	request_70: Failed to build request: Resource com/maveric/gatling/moodle/0070_request.json not found 	1575445512870
ERROR	Submit_Course_Data: Failed to build request: url ${environemtURL}/lib/editor/atto/autosave-ajax.php can't be parsed into an Uri: j.l.IllegalArgumentException: ${environemtURL}/lib/editor/atto/autosave-ajax.php could not be parsed into a proper Uri, missing scheme 	1575445512871
ERROR	Click_On_Proceed_To_Course_Content: Failed to build request: url ${environemtURL}/course/view.php?id=4 can't be parsed into an Uri: j.l.IllegalArgumentException: ${environemtURL}/course/view.php?id=4 could not be parsed into a proper Uri, missing scheme 	1575445512871
ERROR	Logout: Failed to build request: url ${environemtURL}/login/logout.php?sesskey=jAJFCT7m4r can't be parsed into an Uri: j.l.IllegalArgumentException: ${environemtURL}/login/logout.php?sesskey=jAJFCT7m4r could not be parsed into a proper Uri, missing scheme 	1575445512871
USER	moodle	1	END	1575445510010	1575445513103
